[debug] [2022-04-05T16:03:44.687Z] ----------------------------------------------------------------------
[debug] [2022-04-05T16:03:44.688Z] Command:       /Users/orion/.nvm/versions/node/v16.0.0/bin/node /Users/orion/Documents/Code/Building Web Apps/sql-contacts/node_modules/.bin/firebase init
[debug] [2022-04-05T16:03:44.688Z] CLI Version:   10.6.0
[debug] [2022-04-05T16:03:44.688Z] Platform:      darwin
[debug] [2022-04-05T16:03:44.688Z] Node Version:  v16.0.0
[debug] [2022-04-05T16:03:44.689Z] Time:          Tue Apr 05 2022 12:03:44 GMT-0400 (Eastern Daylight Time)
[debug] [2022-04-05T16:03:44.689Z] ----------------------------------------------------------------------
[debug] 
[debug] [2022-04-05T16:03:44.691Z] > command requires scopes: ["email","openid","https://www.googleapis.com/auth/cloudplatformprojects.readonly","https://www.googleapis.com/auth/firebase","https://www.googleapis.com/auth/cloud-platform"]
[debug] [2022-04-05T16:03:44.691Z] > authorizing via signed-in user (orion31yt@gmail.com)
[info] 
     ######## #### ########  ######## ########     ###     ######  ########
     ##        ##  ##     ## ##       ##     ##  ##   ##  ##       ##
     ######    ##  ########  ######   ########  #########  ######  ######
     ##        ##  ##    ##  ##       ##     ## ##     ##       ## ##
     ##       #### ##     ## ######## ########  ##     ##  ######  ########

You're about to initialize a Firebase project in this directory:

  /Users/orion/Documents/Code/Building Web Apps/sql-contacts

[info] 
=== Project Setup
[info] 
[info] First, let's associate this project directory with a Firebase project.
[info] You can create multiple project aliases by running firebase use --add, 
[info] but for now we'll just set up a default project.
[info] 
[debug] [2022-04-05T16:04:23.375Z] >>> [apiv2][query] GET https://firebase.googleapis.com/v1beta1/projects pageSize=100
[debug] [2022-04-05T16:04:24.034Z] <<< [apiv2][status] GET https://firebase.googleapis.com/v1beta1/projects 200
[debug] [2022-04-05T16:04:24.035Z] <<< [apiv2][body] GET https://firebase.googleapis.com/v1beta1/projects [omitted]
[info] i  Using project bwa-contacts (bwa-contacts) 
[info] 
=== Hosting Setup
[info] 
[info] Your public directory is the folder (relative to your project directory) that
[info] will contain Hosting assets to be uploaded with firebase deploy. If you
[info] have a build process for your assets, use your build's output directory.
[info] 
[debug] [2022-04-05T16:04:55.987Z] >>> [apiv2][query] GET https://www.gstatic.com/firebasejs/releases.json [none]
[debug] [2022-04-05T16:04:56.063Z] <<< [apiv2][status] GET https://www.gstatic.com/firebasejs/releases.json 200
[debug] [2022-04-05T16:04:56.063Z] <<< [apiv2][body] GET https://www.gstatic.com/firebasejs/releases.json {"current":{"version":"9.6.10","browserURL":"https://www.gstatic.com/firebasejs/9.6.10/firebase.js","packageURL":"https://www.gstatic.com/firebasejs/9.6.10/firebase.tgz"},"live":{"version":"9.6","browserURL":"https://www.gstatic.com/firebasejs/live/9.6/firebase.js","packageURL":"https://www.gstatic.com/firebasejs/live/9.6/firebase.tgz"},"components":{"analytics":"https://www.gstatic.com/firebasejs/9.6.10/firebase-analytics.js","app":"https://www.gstatic.com/firebasejs/9.6.10/firebase-app.js","app-check":"https://www.gstatic.com/firebasejs/9.6.10/firebase-app-check.js","auth":"https://www.gstatic.com/firebasejs/9.6.10/firebase-auth.js","auth/cordova":"https://www.gstatic.com/firebasejs/9.6.10/firebase-auth/cordova.js","auth/react-native":"https://www.gstatic.com/firebasejs/9.6.10/firebase-auth/react-native.js","functions":"https://www.gstatic.com/firebasejs/9.6.10/firebase-functions.js","firestore":"https://www.gstatic.com/firebasejs/9.6.10/firebase-firestore.js","firestore/lite":"https://www.gstatic.com/firebasejs/9.6.10/firebase-firestore/lite.js","storage":"https://www.gstatic.com/firebasejs/9.6.10/firebase-storage.js","performance":"https://www.gstatic.com/firebasejs/9.6.10/firebase-performance.js","remote-config":"https://www.gstatic.com/firebasejs/9.6.10/firebase-remote-config.js","messaging":"https://www.gstatic.com/firebasejs/9.6.10/firebase-messaging.js","messaging/sw":"https://www.gstatic.com/firebasejs/9.6.10/firebase-messaging/sw.js","database":"https://www.gstatic.com/firebasejs/9.6.10/firebase-database.js","firestore.memory":"https://www.gstatic.com/firebasejs/9.6.10/firebase-firestore.memory.js"}}
[info] i  Skipping write of public/index.html 
[info] 
[info] i  Detected a .git folder at /Users/orion/Documents/Code/Building Web Apps/sql-contacts 
[info] i  Authorizing with GitHub to upload your service account to a GitHub repository's secrets store. 
[info] 
[info] Visit this URL on this device to log in:
[info] https://github.com/login/oauth/authorize?client_id=89cf50f02ac6aaed3484&state=801755323&redirect_uri=http%3A%2F%2Flocalhost%3A9005&scope=read%3Auser%20repo%20public_repo
[info] 
[info] Waiting for authentication...
[debug] [2022-04-05T16:05:05.924Z] >>> HTTP REQUEST POST https://github.com/login/oauth/access_token  
 {"client_id":"89cf50f02ac6aaed3484","client_secret":"3330d14abc895d9a74d5f17cd7a00711fa2c5bf0","code":"d5410cc3763b7048ce54","redirect_uri":"http://localhost:9005","state":"801755323"}
[debug] [2022-04-05T16:05:06.171Z] <<< HTTP RESPONSE 200 {"server":"GitHub.com","date":"Tue, 05 Apr 2022 16:05:06 GMT","content-type":"application/json; charset=utf-8","transfer-encoding":"chunked","vary":"X-PJAX, X-PJAX-Container, Accept-Encoding, Accept, X-Requested-With","permissions-policy":"interest-cohort=()","etag":"W/\"9cab43a9f870cb221022d3e655fb97a4\"","cache-control":"max-age=0, private, must-revalidate","strict-transport-security":"max-age=31536000; includeSubdomains; preload","x-frame-options":"deny","x-content-type-options":"nosniff","x-xss-protection":"0","referrer-policy":"origin-when-cross-origin, strict-origin-when-cross-origin","expect-ct":"max-age=2592000, report-uri=\"https://api.github.com/_private/browser/errors\"","content-security-policy":"default-src 'none'; base-uri 'self'; block-all-mixed-content; child-src github.com/assets-cdn/worker/ gist.github.com/assets-cdn/worker/; connect-src 'self' uploads.github.com objects-origin.githubusercontent.com www.githubstatus.com collector.github.com raw.githubusercontent.com api.github.com github-cloud.s3.amazonaws.com github-production-repository-file-5c1aeb.s3.amazonaws.com github-production-upload-manifest-file-7fdce7.s3.amazonaws.com github-production-user-asset-6210df.s3.amazonaws.com cdn.optimizely.com logx.optimizely.com/v1/events translator.github.com *.actions.githubusercontent.com wss://*.actions.githubusercontent.com online.visualstudio.com/api/v1/locations github-production-repository-image-32fea6.s3.amazonaws.com github-production-release-asset-2e65be.s3.amazonaws.com insights.github.com wss://alive.github.com; font-src github.githubassets.com; form-action 'self' github.com gist.github.com objects-origin.githubusercontent.com; frame-ancestors 'none'; frame-src render.githubusercontent.com viewscreen.githubusercontent.com notebooks.githubusercontent.com; img-src 'self' data: github.githubassets.com identicons.github.com github-cloud.s3.amazonaws.com secured-user-images.githubusercontent.com/ *.githubusercontent.com; manifest-src 'self'; media-src github.com user-images.githubusercontent.com/; script-src github.githubassets.com; style-src 'unsafe-inline' github.githubassets.com; worker-src github.com/assets-cdn/worker/ gist.github.com/assets-cdn/worker/","x-github-request-id":"EB7B:545F:D78BC:1ACC77:624C68B2"}
[debug] [2022-04-05T16:05:06.181Z] >>> [apiv2][query] GET https://api.github.com/user [none]
[debug] [2022-04-05T16:05:06.368Z] <<< [apiv2][status] GET https://api.github.com/user 200
[debug] [2022-04-05T16:05:06.368Z] <<< [apiv2][body] GET https://api.github.com/user {"login":"rsalik","id":22670741,"node_id":"MDQ6VXNlcjIyNjcwNzQx","avatar_url":"https://avatars.githubusercontent.com/u/22670741?v=4","gravatar_id":"","url":"https://api.github.com/users/rsalik","html_url":"https://github.com/rsalik","followers_url":"https://api.github.com/users/rsalik/followers","following_url":"https://api.github.com/users/rsalik/following{/other_user}","gists_url":"https://api.github.com/users/rsalik/gists{/gist_id}","starred_url":"https://api.github.com/users/rsalik/starred{/owner}{/repo}","subscriptions_url":"https://api.github.com/users/rsalik/subscriptions","organizations_url":"https://api.github.com/users/rsalik/orgs","repos_url":"https://api.github.com/users/rsalik/repos","events_url":"https://api.github.com/users/rsalik/events{/privacy}","received_events_url":"https://api.github.com/users/rsalik/received_events","type":"User","site_admin":false,"name":"Ryan Salik","company":null,"blog":"ryansalik.com","location":null,"email":"rssalik14@gmail.com","hireable":null,"bio":null,"twitter_username":null,"public_repos":15,"public_gists":0,"followers":4,"following":3,"created_at":"2016-10-06T23:53:10Z","updated_at":"2022-03-08T15:33:08Z","private_gists":0,"total_private_repos":22,"owned_private_repos":22,"disk_usage":2159363,"collaborators":4,"two_factor_authentication":false,"plan":{"name":"pro","space":976562499,"collaborators":0,"private_repos":9999}}
[info] 
[info] ✔  Success! Logged into GitHub as rsalik 
[info] 
[debug] [2022-04-05T16:05:14.687Z] >>> [apiv2][query] GET https://api.github.com/repos/rsalik/bwa-contacts/actions/secrets/public-key type=owner
[debug] [2022-04-05T16:05:14.849Z] <<< [apiv2][status] GET https://api.github.com/repos/rsalik/bwa-contacts/actions/secrets/public-key 404
[debug] [2022-04-05T16:05:14.849Z] <<< [apiv2][body] GET https://api.github.com/repos/rsalik/bwa-contacts/actions/secrets/public-key {"message":"Not Found","documentation_url":"https://docs.github.com/rest/reference/actions#get-a-repository-public-key"}
[debug] [2022-04-05T16:05:16.202Z] >>> [apiv2][query] GET https://api.github.com/repos/rsalik/bwa-contacts/actions/secrets/public-key type=owner
[debug] [2022-04-05T16:05:16.408Z] <<< [apiv2][status] GET https://api.github.com/repos/rsalik/bwa-contacts/actions/secrets/public-key 404
[debug] [2022-04-05T16:05:16.409Z] <<< [apiv2][body] GET https://api.github.com/repos/rsalik/bwa-contacts/actions/secrets/public-key {"message":"Not Found","documentation_url":"https://docs.github.com/rest/reference/actions#get-a-repository-public-key"}
[debug] [2022-04-05T16:05:18.896Z] >>> [apiv2][query] GET https://api.github.com/repos/rsalik/bwa-contacts/actions/secrets/public-key type=owner
[debug] [2022-04-05T16:05:18.994Z] <<< [apiv2][status] GET https://api.github.com/repos/rsalik/bwa-contacts/actions/secrets/public-key 404
[debug] [2022-04-05T16:05:18.995Z] <<< [apiv2][body] GET https://api.github.com/repos/rsalik/bwa-contacts/actions/secrets/public-key {"message":"Not Found","documentation_url":"https://docs.github.com/rest/reference/actions#get-a-repository-public-key"}
[debug] [2022-04-05T16:05:21.555Z] >>> [apiv2][query] GET https://api.github.com/repos/rsalik/bwa-contacts/actions/secrets/public-key type=owner
[debug] [2022-04-05T16:05:21.670Z] <<< [apiv2][status] GET https://api.github.com/repos/rsalik/bwa-contacts/actions/secrets/public-key 404
[debug] [2022-04-05T16:05:21.670Z] <<< [apiv2][body] GET https://api.github.com/repos/rsalik/bwa-contacts/actions/secrets/public-key {"message":"Not Found","documentation_url":"https://docs.github.com/rest/reference/actions#get-a-repository-public-key"}
[debug] [2022-04-05T16:05:21.847Z] >>> [apiv2][query] GET https://api.github.com/repos/rsalik/bwa-contacts/actions/secrets/public-key type=owner
[debug] [2022-04-05T16:05:22.019Z] <<< [apiv2][status] GET https://api.github.com/repos/rsalik/bwa-contacts/actions/secrets/public-key 404
[debug] [2022-04-05T16:05:22.019Z] <<< [apiv2][body] GET https://api.github.com/repos/rsalik/bwa-contacts/actions/secrets/public-key {"message":"Not Found","documentation_url":"https://docs.github.com/rest/reference/actions#get-a-repository-public-key"}
[debug] [2022-04-05T16:05:22.032Z] >>> [apiv2][query] GET https://api.github.com/repos/rsalik/bwa-contacts/actions/secrets/public-key type=owner
[debug] [2022-04-05T16:05:22.138Z] <<< [apiv2][status] GET https://api.github.com/repos/rsalik/bwa-contacts/actions/secrets/public-key 404
[debug] [2022-04-05T16:05:22.138Z] <<< [apiv2][body] GET https://api.github.com/repos/rsalik/bwa-contacts/actions/secrets/public-key {"message":"Not Found","documentation_url":"https://docs.github.com/rest/reference/actions#get-a-repository-public-key"}
[debug] [2022-04-05T16:05:22.167Z] >>> [apiv2][query] GET https://api.github.com/repos/rsalik/bwa-contacts/actions/secrets/public-key type=owner
[debug] [2022-04-05T16:05:22.372Z] <<< [apiv2][status] GET https://api.github.com/repos/rsalik/bwa-contacts/actions/secrets/public-key 404
[debug] [2022-04-05T16:05:22.372Z] <<< [apiv2][body] GET https://api.github.com/repos/rsalik/bwa-contacts/actions/secrets/public-key {"message":"Not Found","documentation_url":"https://docs.github.com/rest/reference/actions#get-a-repository-public-key"}
[debug] [2022-04-05T16:05:22.777Z] >>> [apiv2][query] GET https://api.github.com/repos/rsalik/bwa-contacts/actions/secrets/public-key type=owner
[debug] [2022-04-05T16:05:23.017Z] <<< [apiv2][status] GET https://api.github.com/repos/rsalik/bwa-contacts/actions/secrets/public-key 404
[debug] [2022-04-05T16:05:23.018Z] <<< [apiv2][body] GET https://api.github.com/repos/rsalik/bwa-contacts/actions/secrets/public-key {"message":"Not Found","documentation_url":"https://docs.github.com/rest/reference/actions#get-a-repository-public-key"}
[debug] [2022-04-05T16:05:23.458Z] >>> [apiv2][query] GET https://api.github.com/repos/rsalik/bwa-contacts/actions/secrets/public-key type=owner
[debug] [2022-04-05T16:05:23.582Z] <<< [apiv2][status] GET https://api.github.com/repos/rsalik/bwa-contacts/actions/secrets/public-key 404
[debug] [2022-04-05T16:05:23.582Z] <<< [apiv2][body] GET https://api.github.com/repos/rsalik/bwa-contacts/actions/secrets/public-key {"message":"Not Found","documentation_url":"https://docs.github.com/rest/reference/actions#get-a-repository-public-key"}
